Watching for file changes with StatReloader
D:\Proyectos Django\GuiasPurpuras_V1.0\profiles\views.py changed, reloading.
Performing system checks...

System check identified no issues (0 silenced).
November 21, 2025 - 16:10:34
Django version 5.2.7, using settings 'core.settings'
Starting development server at http://0.0.0.0:8000/
Quit the server with CTRL-BREAK.

WARNING: This is a development server. Do not use it in a production setting. Use a production WSGI or ASGI server instead.
For more information on production servers see: https://docs.djangoproject.com/en/5.2/howto/deployment/
Watching for file changes with StatReloader
D:\Proyectos Django\GuiasPurpuras_V1.0\profiles\views.py changed, reloading.
Performing system checks...

System check identified no issues (0 silenced).
November 21, 2025 - 16:12:31
Django version 5.2.7, using settings 'core.settings'
Starting development server at http://0.0.0.0:8000/
Quit the server with CTRL-BREAK.

WARNING: This is a development server. Do not use it in a production setting. Use a production WSGI or ASGI server instead.
For more information on production servers see: https://docs.djangoproject.com/en/5.2/howto/deployment/
Watching for file changes with StatReloader
D:\Proyectos Django\GuiasPurpuras_V1.0\profiles\views.py changed, reloading.
Performing system checks...

System check identified no issues (0 silenced).
November 21, 2025 - 16:12:52
Django version 5.2.7, using settings 'core.settings'
Starting development server at http://0.0.0.0:8000/
Quit the server with CTRL-BREAK.

WARNING: This is a development server. Do not use it in a production setting. Use a production WSGI or ASGI server instead.
For more information on production servers see: https://docs.djangoproject.com/en/5.2/howto/deployment/
Watching for file changes with StatReloader
D:\Proyectos Django\GuiasPurpuras_V1.0\profiles\views.py changed, reloading.
Performing system checks...

System check identified no issues (0 silenced).
November 21, 2025 - 16:27:36
Django version 5.2.7, using settings 'core.settings'
Starting development server at http://0.0.0.0:8000/
Quit the server with CTRL-BREAK.

WARNING: This is a development server. Do not use it in a production setting. Use a production WSGI or ASGI server instead.
For more information on production servers see: https://docs.djangoproject.com/en/5.2/howto/deployment/
Watching for file changes with StatReloader
